This file contains any messages produced by compilers while
running configure, to aid debugging if configure makes a mistake.

It was created by popc configure 2.0, which was
generated by GNU Autoconf 2.67.  Invocation command line was

  $ ./configure --prefix=/home/jfroche/popc

## --------- ##
## Platform. ##
## --------- ##

hostname = jfroche
uname -m = i686
uname -r = 3.0.0-12-generic-pae
uname -s = Linux
uname -v = #20-Ubuntu SMP Fri Oct 7 16:37:17 UTC 2011

/usr/bin/uname -p = unknown
/bin/uname -X     = unknown

/bin/arch              = unknown
/usr/bin/arch -k       = unknown
/usr/convex/getsysinfo = unknown
/usr/bin/hostinfo      = unknown
/bin/machine           = unknown
/usr/bin/oslevel       = unknown
/bin/universe          = unknown

PATH: /usr/lib/lightdm/lightdm
PATH: /usr/local/sbin
PATH: /usr/local/bin
PATH: /usr/sbin
PATH: /usr/bin
PATH: /sbin
PATH: /bin
PATH: /usr/games
PATH: /var/lib/gems/1.8/bin
PATH: /home/jfroche/popc/bin
PATH: /home/jfroche/popc/sbin
PATH: /home/jfroche/utils


## ----------- ##
## Core tests. ##
## ----------- ##

configure:2489: checking for a BSD-compatible install
configure:2557: result: /usr/bin/install -c
configure:2568: checking whether build environment is sane
configure:2618: result: yes
configure:2759: checking for a thread-safe mkdir -p
configure:2798: result: /bin/mkdir -p
configure:2811: checking for gawk
configure:2827: found /usr/bin/gawk
configure:2838: result: gawk
configure:2849: checking whether make sets $(MAKE)
configure:2871: result: yes
configure:2956: checking build system type
configure:2970: result: i686-pc-linux-gnu
configure:2990: checking host system type
configure:3003: result: i686-pc-linux-gnu
configure:3200: checking for bison
configure:3230: result: no
configure:3200: checking for byacc
configure:3230: result: no
configure:3297: checking for g++
configure:3313: found /usr/bin/g++
configure:3324: result: g++
configure:3351: checking for C++ compiler version
configure:3360: g++ --version >&5
g++ (Ubuntu/Linaro 4.6.1-9ubuntu3) 4.6.1
Copyright (C) 2011 Free Software Foundation, Inc.
This is free software; see the source for copying conditions.  There is NO
warranty; not even for MERCHANTABILITY or FITNESS FOR A PARTICULAR PURPOSE.

configure:3371: $? = 0
configure:3360: g++ -v >&5
Using built-in specs.
COLLECT_GCC=g++
COLLECT_LTO_WRAPPER=/usr/lib/gcc/i686-linux-gnu/4.6.1/lto-wrapper
Target: i686-linux-gnu
Configured with: ../src/configure -v --with-pkgversion='Ubuntu/Linaro 4.6.1-9ubuntu3' --with-bugurl=file:///usr/share/doc/gcc-4.6/README.Bugs --enable-languages=c,c++,fortran,objc,obj-c++,go --prefix=/usr --program-suffix=-4.6 --enable-shared --enable-linker-build-id --with-system-zlib --libexecdir=/usr/lib --without-included-gettext --enable-threads=posix --with-gxx-include-dir=/usr/include/c++/4.6 --libdir=/usr/lib --enable-nls --with-sysroot=/ --enable-clocale=gnu --enable-libstdcxx-debug --enable-libstdcxx-time=yes --enable-plugin --enable-objc-gc --enable-targets=all --disable-werror --with-arch-32=i686 --with-tune=generic --enable-checking=release --build=i686-linux-gnu --host=i686-linux-gnu --target=i686-linux-gnu
Thread model: posix
gcc version 4.6.1 (Ubuntu/Linaro 4.6.1-9ubuntu3) 
configure:3371: $? = 0
configure:3360: g++ -V >&5
g++: error: unrecognized option '-V'
g++: fatal error: no input files
compilation terminated.
configure:3371: $? = 4
configure:3360: g++ -qversion >&5
g++: error: unrecognized option '-qversion'
g++: fatal error: no input files
compilation terminated.
configure:3371: $? = 4
configure:3391: checking whether the C++ compiler works
configure:3413: g++    conftest.cpp  >&5
configure:3417: $? = 0
configure:3465: result: yes
configure:3468: checking for C++ compiler default output file name
configure:3470: result: a.out
configure:3476: checking for suffix of executables
configure:3483: g++ -o conftest    conftest.cpp  >&5
configure:3487: $? = 0
configure:3509: result: 
configure:3531: checking whether we are cross compiling
configure:3539: g++ -o conftest    conftest.cpp  >&5
configure:3543: $? = 0
configure:3550: ./conftest
configure:3554: $? = 0
configure:3569: result: no
configure:3574: checking for suffix of object files
configure:3596: g++ -c   conftest.cpp >&5
configure:3600: $? = 0
configure:3621: result: o
configure:3625: checking whether we are using the GNU C++ compiler
configure:3644: g++ -c   conftest.cpp >&5
configure:3644: $? = 0
configure:3653: result: yes
configure:3662: checking whether g++ accepts -g
configure:3682: g++ -c -g  conftest.cpp >&5
configure:3682: $? = 0
configure:3723: result: yes
configure:3752: checking how to run the C++ preprocessor
configure:3779: g++ -E  conftest.cpp
configure:3779: $? = 0
configure:3793: g++ -E  conftest.cpp
conftest.cpp:11:28: fatal error: ac_nonexistent.h: No such file or directory
compilation terminated.
configure:3793: $? = 1
configure: failed program was:
| /* confdefs.h */
| #define PACKAGE_NAME "popc"
| #define PACKAGE_TARNAME "popc"
| #define PACKAGE_VERSION "2.0"
| #define PACKAGE_STRING "popc 2.0"
| #define PACKAGE_BUGREPORT ""
| #define PACKAGE_URL ""
| #define PACKAGE "popc"
| #define VERSION "2.0"
| /* end confdefs.h.  */
| #include <ac_nonexistent.h>
configure:3818: result: g++ -E
configure:3838: g++ -E  conftest.cpp
configure:3838: $? = 0
configure:3852: g++ -E  conftest.cpp
conftest.cpp:11:28: fatal error: ac_nonexistent.h: No such file or directory
compilation terminated.
configure:3852: $? = 1
configure: failed program was:
| /* confdefs.h */
| #define PACKAGE_NAME "popc"
| #define PACKAGE_TARNAME "popc"
| #define PACKAGE_VERSION "2.0"
| #define PACKAGE_STRING "popc 2.0"
| #define PACKAGE_BUGREPORT ""
| #define PACKAGE_URL ""
| #define PACKAGE "popc"
| #define VERSION "2.0"
| /* end confdefs.h.  */
| #include <ac_nonexistent.h>
configure:3885: checking for flex
configure:3915: result: no
configure:3885: checking for lex
configure:3915: result: no
configure:4039: checking whether ln -s works
configure:4043: result: yes
configure:4050: checking whether make sets $(MAKE)
configure:4072: result: yes
configure:4124: checking for ranlib
configure:4140: found /usr/bin/ranlib
configure:4151: result: ranlib
configure:4246: checking for gcc
configure:4262: found /usr/bin/gcc
configure:4273: result: gcc
configure:4502: checking for C compiler version
configure:4511: gcc --version >&5
gcc (Ubuntu/Linaro 4.6.1-9ubuntu3) 4.6.1
Copyright (C) 2011 Free Software Foundation, Inc.
This is free software; see the source for copying conditions.  There is NO
warranty; not even for MERCHANTABILITY or FITNESS FOR A PARTICULAR PURPOSE.

configure:4522: $? = 0
configure:4511: gcc -v >&5
Using built-in specs.
COLLECT_GCC=gcc
COLLECT_LTO_WRAPPER=/usr/lib/gcc/i686-linux-gnu/4.6.1/lto-wrapper
Target: i686-linux-gnu
Configured with: ../src/configure -v --with-pkgversion='Ubuntu/Linaro 4.6.1-9ubuntu3' --with-bugurl=file:///usr/share/doc/gcc-4.6/README.Bugs --enable-languages=c,c++,fortran,objc,obj-c++,go --prefix=/usr --program-suffix=-4.6 --enable-shared --enable-linker-build-id --with-system-zlib --libexecdir=/usr/lib --without-included-gettext --enable-threads=posix --with-gxx-include-dir=/usr/include/c++/4.6 --libdir=/usr/lib --enable-nls --with-sysroot=/ --enable-clocale=gnu --enable-libstdcxx-debug --enable-libstdcxx-time=yes --enable-plugin --enable-objc-gc --enable-targets=all --disable-werror --with-arch-32=i686 --with-tune=generic --enable-checking=release --build=i686-linux-gnu --host=i686-linux-gnu --target=i686-linux-gnu
Thread model: posix
gcc version 4.6.1 (Ubuntu/Linaro 4.6.1-9ubuntu3) 
configure:4522: $? = 0
configure:4511: gcc -V >&5
gcc: error: unrecognized option '-V'
gcc: fatal error: no input files
compilation terminated.
configure:4522: $? = 4
configure:4511: gcc -qversion >&5
gcc: error: unrecognized option '-qversion'
gcc: fatal error: no input files
compilation terminated.
configure:4522: $? = 4
configure:4526: checking whether we are using the GNU C compiler
configure:4545: gcc -c   conftest.c >&5
configure:4545: $? = 0
configure:4554: result: yes
configure:4563: checking whether gcc accepts -g
configure:4583: gcc -c -g  conftest.c >&5
configure:4583: $? = 0
configure:4624: result: yes
configure:4641: checking for gcc option to accept ISO C89
configure:4705: gcc  -c -g -O2  conftest.c >&5
configure:4705: $? = 0
configure:4718: result: none needed
configure:4738: checking for a sed that does not truncate output
configure:4802: result: /bin/sed
configure:4820: checking for grep that handles long lines and -e
configure:4878: result: /bin/grep
configure:4883: checking for egrep
configure:4945: result: /bin/grep -E
configure:4950: checking for fgrep
configure:5012: result: /bin/grep -F
configure:5047: checking for ld used by gcc
configure:5114: result: /usr/bin/ld
configure:5121: checking if the linker (/usr/bin/ld) is GNU ld
configure:5136: result: yes
configure:5148: checking for BSD- or MS-compatible name lister (nm)
configure:5197: result: /usr/bin/nm -B
configure:5315: checking the name lister (/usr/bin/nm -B) interface
configure:5322: g++ -c -g -O2  conftest.cpp >&5
configure:5325: /usr/bin/nm -B "conftest.o"
configure:5328: output
00000000 B some_variable
configure:5335: result: BSD nm
configure:5339: checking the maximum length of command line arguments
configure:5459: result: 1572864
configure:5476: checking whether the shell understands some XSI constructs
configure:5486: result: yes
configure:5490: checking whether the shell understands "+="
configure:5496: result: yes
configure:5531: checking for /usr/bin/ld option to reload object files
configure:5538: result: -r
configure:5607: checking for objdump
configure:5623: found /usr/bin/objdump
configure:5634: result: objdump
configure:5666: checking how to recognize dependent libraries
configure:5862: result: pass_all
configure:5922: checking for ar
configure:5938: found /usr/bin/ar
configure:5949: result: ar
configure:6027: checking for strip
configure:6043: found /usr/bin/strip
configure:6054: result: strip
configure:6126: checking for ranlib
configure:6153: result: ranlib
configure:6243: checking command to parse /usr/bin/nm -B output from gcc object
configure:6361: g++ -c -g -O2  conftest.cpp >&5
configure:6364: $? = 0
configure:6368: /usr/bin/nm -B conftest.o \| sed -n -e 's/^.*[	 ]\([ABCDGIRSTW][ABCDGIRSTW]*\)[	 ][	 ]*\([_A-Za-z][_A-Za-z0-9]*\)$/\1 \2 \2/p' \> conftest.nm
configure:6371: $? = 0
configure:6425: g++ -o conftest -g -O2   conftest.cpp conftstm.o >&5
configure:6428: $? = 0
configure:6466: result: ok
configure:7275: checking how to run the C preprocessor
configure:7306: gcc -E  conftest.c
configure:7306: $? = 0
configure:7320: gcc -E  conftest.c
conftest.c:11:28: fatal error: ac_nonexistent.h: No such file or directory
compilation terminated.
configure:7320: $? = 1
configure: failed program was:
| /* confdefs.h */
| #define PACKAGE_NAME "popc"
| #define PACKAGE_TARNAME "popc"
| #define PACKAGE_VERSION "2.0"
| #define PACKAGE_STRING "popc 2.0"
| #define PACKAGE_BUGREPORT ""
| #define PACKAGE_URL ""
| #define PACKAGE "popc"
| #define VERSION "2.0"
| /* end confdefs.h.  */
| #include <ac_nonexistent.h>
configure:7345: result: gcc -E
configure:7365: gcc -E  conftest.c
configure:7365: $? = 0
configure:7379: gcc -E  conftest.c
conftest.c:11:28: fatal error: ac_nonexistent.h: No such file or directory
compilation terminated.
configure:7379: $? = 1
configure: failed program was:
| /* confdefs.h */
| #define PACKAGE_NAME "popc"
| #define PACKAGE_TARNAME "popc"
| #define PACKAGE_VERSION "2.0"
| #define PACKAGE_STRING "popc 2.0"
| #define PACKAGE_BUGREPORT ""
| #define PACKAGE_URL ""
| #define PACKAGE "popc"
| #define VERSION "2.0"
| /* end confdefs.h.  */
| #include <ac_nonexistent.h>
configure:7408: checking for ANSI C header files
configure:7428: gcc -c -g -O2  conftest.c >&5
configure:7428: $? = 0
configure:7501: gcc -o conftest -g -O2   conftest.c  >&5
configure:7501: $? = 0
configure:7501: ./conftest
configure:7501: $? = 0
configure:7512: result: yes
configure:7525: checking for sys/types.h
configure:7525: gcc -c -g -O2  conftest.c >&5
configure:7525: $? = 0
configure:7525: result: yes
configure:7525: checking for sys/stat.h
configure:7525: gcc -c -g -O2  conftest.c >&5
configure:7525: $? = 0
configure:7525: result: yes
configure:7525: checking for stdlib.h
configure:7525: gcc -c -g -O2  conftest.c >&5
configure:7525: $? = 0
configure:7525: result: yes
configure:7525: checking for string.h
configure:7525: gcc -c -g -O2  conftest.c >&5
configure:7525: $? = 0
configure:7525: result: yes
configure:7525: checking for memory.h
configure:7525: gcc -c -g -O2  conftest.c >&5
configure:7525: $? = 0
configure:7525: result: yes
configure:7525: checking for strings.h
configure:7525: gcc -c -g -O2  conftest.c >&5
configure:7525: $? = 0
configure:7525: result: yes
configure:7525: checking for inttypes.h
configure:7525: gcc -c -g -O2  conftest.c >&5
configure:7525: $? = 0
configure:7525: result: yes
configure:7525: checking for stdint.h
configure:7525: gcc -c -g -O2  conftest.c >&5
configure:7525: $? = 0
configure:7525: result: yes
configure:7525: checking for unistd.h
configure:7525: gcc -c -g -O2  conftest.c >&5
configure:7525: $? = 0
configure:7525: result: yes
configure:7539: checking for dlfcn.h
configure:7539: gcc -c -g -O2  conftest.c >&5
configure:7539: $? = 0
configure:7539: result: yes
configure:7664: checking for C++ compiler version
configure:7673: g++ --version >&5
g++ (Ubuntu/Linaro 4.6.1-9ubuntu3) 4.6.1
Copyright (C) 2011 Free Software Foundation, Inc.
This is free software; see the source for copying conditions.  There is NO
warranty; not even for MERCHANTABILITY or FITNESS FOR A PARTICULAR PURPOSE.

configure:7684: $? = 0
configure:7673: g++ -v >&5
Using built-in specs.
COLLECT_GCC=g++
COLLECT_LTO_WRAPPER=/usr/lib/gcc/i686-linux-gnu/4.6.1/lto-wrapper
Target: i686-linux-gnu
Configured with: ../src/configure -v --with-pkgversion='Ubuntu/Linaro 4.6.1-9ubuntu3' --with-bugurl=file:///usr/share/doc/gcc-4.6/README.Bugs --enable-languages=c,c++,fortran,objc,obj-c++,go --prefix=/usr --program-suffix=-4.6 --enable-shared --enable-linker-build-id --with-system-zlib --libexecdir=/usr/lib --without-included-gettext --enable-threads=posix --with-gxx-include-dir=/usr/include/c++/4.6 --libdir=/usr/lib --enable-nls --with-sysroot=/ --enable-clocale=gnu --enable-libstdcxx-debug --enable-libstdcxx-time=yes --enable-plugin --enable-objc-gc --enable-targets=all --disable-werror --with-arch-32=i686 --with-tune=generic --enable-checking=release --build=i686-linux-gnu --host=i686-linux-gnu --target=i686-linux-gnu
Thread model: posix
gcc version 4.6.1 (Ubuntu/Linaro 4.6.1-9ubuntu3) 
configure:7684: $? = 0
configure:7673: g++ -V >&5
g++: error: unrecognized option '-V'
g++: fatal error: no input files
compilation terminated.
configure:7684: $? = 4
configure:7673: g++ -qversion >&5
g++: error: unrecognized option '-qversion'
g++: fatal error: no input files
compilation terminated.
configure:7684: $? = 4
configure:7688: checking whether we are using the GNU C++ compiler
configure:7716: result: yes
configure:7725: checking whether g++ accepts -g
configure:7786: result: yes
configure:7817: checking how to run the C++ preprocessor
configure:7883: result: g++ -E
configure:7903: g++ -E  conftest.cpp
configure:7903: $? = 0
configure:7917: g++ -E  conftest.cpp
conftest.cpp:22:28: fatal error: ac_nonexistent.h: No such file or directory
compilation terminated.
configure:7917: $? = 1
configure: failed program was:
| /* confdefs.h */
| #define PACKAGE_NAME "popc"
| #define PACKAGE_TARNAME "popc"
| #define PACKAGE_VERSION "2.0"
| #define PACKAGE_STRING "popc 2.0"
| #define PACKAGE_BUGREPORT ""
| #define PACKAGE_URL ""
| #define PACKAGE "popc"
| #define VERSION "2.0"
| #define STDC_HEADERS 1
| #define HAVE_SYS_TYPES_H 1
| #define HAVE_SYS_STAT_H 1
| #define HAVE_STDLIB_H 1
| #define HAVE_STRING_H 1
| #define HAVE_MEMORY_H 1
| #define HAVE_STRINGS_H 1
| #define HAVE_INTTYPES_H 1
| #define HAVE_STDINT_H 1
| #define HAVE_UNISTD_H 1
| #define HAVE_DLFCN_H 1
| /* end confdefs.h.  */
| #include <ac_nonexistent.h>
configure:8122: checking for objdir
configure:8137: result: .libs
configure:8429: checking if gcc supports -fno-rtti -fno-exceptions
configure:8447: gcc -c -g -O2  -fno-rtti -fno-exceptions conftest.c >&5
cc1: warning: command line option '-fno-rtti' is valid for C++/ObjC++ but not for C [enabled by default]
configure:8451: $? = 0
configure:8464: result: no
configure:8484: checking for gcc option to produce PIC
configure:8756: result: -fPIC -DPIC
configure:8768: checking if gcc PIC flag -fPIC -DPIC works
configure:8786: gcc -c -g -O2  -fPIC -DPIC -DPIC conftest.c >&5
configure:8790: $? = 0
configure:8803: result: yes
configure:8827: checking if gcc static flag -static works
configure:8855: result: yes
configure:8870: checking if gcc supports -c -o file.o
configure:8891: gcc -c -g -O2  -o out/conftest2.o conftest.c >&5
configure:8895: $? = 0
configure:8917: result: yes
configure:8925: checking if gcc supports -c -o file.o
configure:8972: result: yes
configure:9005: checking whether the gcc linker (/usr/bin/ld) supports shared libraries
configure:9996: result: yes
configure:10033: checking whether -lc should be explicitly linked in
configure:10038: gcc -c -g -O2  conftest.c >&5
configure:10041: $? = 0
configure:10056: gcc -shared conftest.o  -v -Wl,-soname -Wl,conftest -o conftest 2\>\&1 \| /bin/grep  -lc  \>/dev/null 2\>\&1
configure:10059: $? = 0
configure:10071: result: no
configure:10235: checking dynamic linker characteristics
configure:10668: gcc -o conftest -g -O2   -Wl,-rpath -Wl,/foo conftest.c  >&5
configure:10668: $? = 0
configure:10898: result: GNU/Linux ld.so
configure:11000: checking how to hardcode library paths into programs
configure:11025: result: immediate
configure:11545: checking whether stripping libraries is possible
configure:11550: result: yes
configure:11585: checking if libtool supports shared libraries
configure:11587: result: yes
configure:11590: checking whether to build shared libraries
configure:11611: result: yes
configure:11614: checking whether to build static libraries
configure:11618: result: yes
configure:11768: checking for ld used by g++
configure:11835: result: /usr/bin/ld
configure:11842: checking if the linker (/usr/bin/ld) is GNU ld
configure:11857: result: yes
configure:11912: checking whether the g++ linker (/usr/bin/ld) supports shared libraries
configure:12825: result: yes
configure:12853: g++ -c -g -O2  conftest.cpp >&5
configure:12856: $? = 0
configure:13038: checking for g++ option to produce PIC
configure:13355: result: -fPIC -DPIC
configure:13364: checking if g++ PIC flag -fPIC -DPIC works
configure:13382: g++ -c -g -O2  -fPIC -DPIC -DPIC conftest.cpp >&5
configure:13386: $? = 0
configure:13399: result: yes
configure:13420: checking if g++ static flag -static works
configure:13448: result: yes
configure:13460: checking if g++ supports -c -o file.o
configure:13481: g++ -c -g -O2  -o out/conftest2.o conftest.cpp >&5
configure:13485: $? = 0
configure:13507: result: yes
configure:13512: checking if g++ supports -c -o file.o
configure:13559: result: yes
configure:13589: checking whether the g++ linker (/usr/bin/ld) supports shared libraries
configure:13618: result: yes
configure:13755: checking dynamic linker characteristics
configure:14136: g++ -o conftest -g -O2   -Wl,-rpath -Wl,/foo conftest.cpp  >&5
configure:14136: $? = 0
configure:14366: result: GNU/Linux ld.so
configure:14417: checking how to hardcode library paths into programs
configure:14442: result: immediate
configure:14502: checking for pthread_create in -lpthread
configure:14527: g++ -o conftest -g -O2   conftest.cpp -lpthread   >&5
configure:14527: $? = 0
configure:14536: result: yes
configure:14547: checking for gethostbyname in -lnsl
configure:14572: g++ -o conftest -g -O2   conftest.cpp -lnsl  -lpthread  >&5
configure:14572: $? = 0
configure:14581: result: yes
configure:14592: checking for socket in -lsocket
configure:14617: g++ -o conftest -g -O2   conftest.cpp -lsocket  -lnsl -lpthread  >&5
/usr/bin/ld: cannot find -lsocket
collect2: ld returned 1 exit status
configure:14617: $? = 1
configure: failed program was:
| /* confdefs.h */
| #define PACKAGE_NAME "popc"
| #define PACKAGE_TARNAME "popc"
| #define PACKAGE_VERSION "2.0"
| #define PACKAGE_STRING "popc 2.0"
| #define PACKAGE_BUGREPORT ""
| #define PACKAGE_URL ""
| #define PACKAGE "popc"
| #define VERSION "2.0"
| #define STDC_HEADERS 1
| #define HAVE_SYS_TYPES_H 1
| #define HAVE_SYS_STAT_H 1
| #define HAVE_STDLIB_H 1
| #define HAVE_STRING_H 1
| #define HAVE_MEMORY_H 1
| #define HAVE_STRINGS_H 1
| #define HAVE_INTTYPES_H 1
| #define HAVE_STDINT_H 1
| #define HAVE_UNISTD_H 1
| #define HAVE_DLFCN_H 1
| #define LT_OBJDIR ".libs/"
| #define HAVE_LIBPTHREAD 1
| #define HAVE_LIBNSL 1
| /* end confdefs.h.  */
| 
| /* Override any GCC internal prototype to avoid an error.
|    Use char because int might match the return type of a GCC
|    builtin and then its argument prototype would still apply.  */
| #ifdef __cplusplus
| extern "C"
| #endif
| char socket ();
| int
| main ()
| {
| return socket ();
|   ;
|   return 0;
| }
configure:14626: result: no
configure:14637: checking for dlopen in -ldl
configure:14662: g++ -o conftest -g -O2   conftest.cpp -ldl  -lnsl -lpthread  >&5
configure:14662: $? = 0
configure:14671: result: yes
configure:15017: checking for socklen_t
configure:15017: g++ -c -g -O2  conftest.cpp >&5
configure:15017: $? = 0
configure:15017: g++ -c -g -O2  conftest.cpp >&5
conftest.cpp: In function 'int main()':
conftest.cpp:62:23: error: expected primary-expression before ')' token
configure:15017: $? = 1
configure: failed program was:
| /* confdefs.h */
| #define PACKAGE_NAME "popc"
| #define PACKAGE_TARNAME "popc"
| #define PACKAGE_VERSION "2.0"
| #define PACKAGE_STRING "popc 2.0"
| #define PACKAGE_BUGREPORT ""
| #define PACKAGE_URL ""
| #define PACKAGE "popc"
| #define VERSION "2.0"
| #define STDC_HEADERS 1
| #define HAVE_SYS_TYPES_H 1
| #define HAVE_SYS_STAT_H 1
| #define HAVE_STDLIB_H 1
| #define HAVE_STRING_H 1
| #define HAVE_MEMORY_H 1
| #define HAVE_STRINGS_H 1
| #define HAVE_INTTYPES_H 1
| #define HAVE_STDINT_H 1
| #define HAVE_UNISTD_H 1
| #define HAVE_DLFCN_H 1
| #define LT_OBJDIR ".libs/"
| #define HAVE_LIBPTHREAD 1
| #define HAVE_LIBNSL 1
| #define HAVE_LIBDL 1
| /* end confdefs.h.  */
| #include <stdio.h>
| #ifdef HAVE_SYS_TYPES_H
| # include <sys/types.h>
| #endif
| #ifdef HAVE_SYS_STAT_H
| # include <sys/stat.h>
| #endif
| #ifdef STDC_HEADERS
| # include <stdlib.h>
| # include <stddef.h>
| #else
| # ifdef HAVE_STDLIB_H
| #  include <stdlib.h>
| # endif
| #endif
| #ifdef HAVE_STRING_H
| # if !defined STDC_HEADERS && defined HAVE_MEMORY_H
| #  include <memory.h>
| # endif
| # include <string.h>
| #endif
| #ifdef HAVE_STRINGS_H
| # include <strings.h>
| #endif
| #ifdef HAVE_INTTYPES_H
| # include <inttypes.h>
| #endif
| #ifdef HAVE_STDINT_H
| # include <stdint.h>
| #endif
| #ifdef HAVE_UNISTD_H
| # include <unistd.h>
| #endif
| int
| main ()
| {
| if (sizeof ((socklen_t)))
| 	    return 0;
|   ;
|   return 0;
| }
configure:15017: result: yes
configure:15023: checking dynamic linking executable
configure:15039: g++ -o conftest -g -O2   -rdynamic conftest.cpp -ldl -lnsl -lpthread  >&5
configure:15039: $? = 0
configure:15040: result: yes
configure:15288: creating ./config.status

## ---------------------- ##
## Running config.status. ##
## ---------------------- ##

This file was extended by popc config.status 2.0, which was
generated by GNU Autoconf 2.67.  Invocation command line was

  CONFIG_FILES    = 
  CONFIG_HEADERS  = 
  CONFIG_LINKS    = 
  CONFIG_COMMANDS = 
  $ ./config.status 

on jfroche

config.status:1188: creating parser/popcc.cc
config.status:1188: creating scripts/popcrun
config.status:1188: creating services/popcobjrun
config.status:1188: creating scripts/popc-user-env.sh
config.status:1188: creating scripts/popc-user-env.csh
config.status:1188: creating scripts/popc-runtime-env.in
config.status:1188: creating scripts/popc_setup
config.status:1188: creating globus/popc_setup_globus
config.status:1188: creating scripts/popc_script_setup
config.status:1188: creating Makefile
config.status:1188: creating scripts/Makefile
config.status:1188: creating parser/Makefile
config.status:1188: creating include/Makefile
config.status:1188: creating lib/Makefile
config.status:1188: creating services/Makefile
config.status:1188: creating globus/Makefile
config.status:1188: creating mpi/Makefile
config.status:1188: creating model/Makefile
config.status:1188: creating modules/Makefile
config.status:1188: creating modules/raw-zlib/Makefile
config.status:1188: creating modules/xdr-zlib/Makefile
config.status:1188: creating config.h
config.status:1368: config.h is unchanged
config.status:1428: linking lib/debug.cc to parser/debug.cc
config.status:1428: linking lib/utils.cc to parser/utils.cc
config.status:1428: linking lib/jobmgr.ph to include/jobmgr.ph
config.status:1428: linking lib/popc_search_node.cc to include/popc_search_node.ph
config.status:1428: linking lib/codemgr.ph to include/codemgr.ph
config.status:1428: linking lib/remotelog.ph to include/remotelog.ph
config.status:1428: linking lib/appservice.ph to include/appservice.ph
config.status:1428: linking lib/batchmgr.ph to include/batchmgr.ph
config.status:1428: linking lib/objectmonitor.ph to include/objectmonitor.ph
config.status:1428: linking lib/paroc_service_base.ph to include/paroc_service_base.ph
config.status:1447: executing libtool commands

## ---------------- ##
## Cache variables. ##
## ---------------- ##

ac_cv_build=i686-pc-linux-gnu
ac_cv_c_compiler_gnu=yes
ac_cv_cxx_compiler_gnu=yes
ac_cv_env_CCC_set=
ac_cv_env_CCC_value=
ac_cv_env_CC_set=
ac_cv_env_CC_value=
ac_cv_env_CFLAGS_set=
ac_cv_env_CFLAGS_value=
ac_cv_env_CPPFLAGS_set=
ac_cv_env_CPPFLAGS_value=
ac_cv_env_CPP_set=
ac_cv_env_CPP_value=
ac_cv_env_CXXCPP_set=
ac_cv_env_CXXCPP_value=
ac_cv_env_CXXFLAGS_set=
ac_cv_env_CXXFLAGS_value=
ac_cv_env_CXX_set=
ac_cv_env_CXX_value=
ac_cv_env_LDFLAGS_set=
ac_cv_env_LDFLAGS_value=
ac_cv_env_LIBS_set=
ac_cv_env_LIBS_value=
ac_cv_env_LIBVIRT_CFLAGS_set=
ac_cv_env_LIBVIRT_CFLAGS_value=
ac_cv_env_LIBVIRT_LIBS_set=
ac_cv_env_LIBVIRT_LIBS_value=
ac_cv_env_PKG_CONFIG_LIBDIR_set=
ac_cv_env_PKG_CONFIG_LIBDIR_value=
ac_cv_env_PKG_CONFIG_PATH_set=
ac_cv_env_PKG_CONFIG_PATH_value=
ac_cv_env_PKG_CONFIG_set=
ac_cv_env_PKG_CONFIG_value=
ac_cv_env_YACC_set=
ac_cv_env_YACC_value=
ac_cv_env_YFLAGS_set=
ac_cv_env_YFLAGS_value=
ac_cv_env_build_alias_set=
ac_cv_env_build_alias_value=
ac_cv_env_host_alias_set=
ac_cv_env_host_alias_value=
ac_cv_env_target_alias_set=
ac_cv_env_target_alias_value=
ac_cv_header_dlfcn_h=yes
ac_cv_header_inttypes_h=yes
ac_cv_header_memory_h=yes
ac_cv_header_stdc=yes
ac_cv_header_stdint_h=yes
ac_cv_header_stdlib_h=yes
ac_cv_header_string_h=yes
ac_cv_header_strings_h=yes
ac_cv_header_sys_stat_h=yes
ac_cv_header_sys_types_h=yes
ac_cv_header_unistd_h=yes
ac_cv_host=i686-pc-linux-gnu
ac_cv_lib_dl_dlopen=yes
ac_cv_lib_nsl_gethostbyname=yes
ac_cv_lib_pthread_pthread_create=yes
ac_cv_lib_socket_socket=no
ac_cv_objext=o
ac_cv_path_EGREP='/bin/grep -E'
ac_cv_path_FGREP='/bin/grep -F'
ac_cv_path_GREP=/bin/grep
ac_cv_path_SED=/bin/sed
ac_cv_path_install='/usr/bin/install -c'
ac_cv_path_mkdir=/bin/mkdir
ac_cv_prog_AWK=gawk
ac_cv_prog_CPP='gcc -E'
ac_cv_prog_CXXCPP='g++ -E'
ac_cv_prog_ac_ct_AR=ar
ac_cv_prog_ac_ct_CC=gcc
ac_cv_prog_ac_ct_CXX=g++
ac_cv_prog_ac_ct_OBJDUMP=objdump
ac_cv_prog_ac_ct_RANLIB=ranlib
ac_cv_prog_ac_ct_STRIP=strip
ac_cv_prog_cc_c89=
ac_cv_prog_cc_g=yes
ac_cv_prog_cxx_g=yes
ac_cv_prog_make_make_set=yes
ac_cv_type_socklen_t=yes
lt_cv_deplibs_check_method=pass_all
lt_cv_file_magic_cmd='$MAGIC_CMD'
lt_cv_file_magic_test_file=
lt_cv_ld_reload_flag=-r
lt_cv_nm_interface='BSD nm'
lt_cv_objdir=.libs
lt_cv_path_LD=/usr/bin/ld
lt_cv_path_LDCXX=/usr/bin/ld
lt_cv_path_NM='/usr/bin/nm -B'
lt_cv_prog_compiler_c_o=yes
lt_cv_prog_compiler_c_o_CXX=yes
lt_cv_prog_compiler_pic_works=yes
lt_cv_prog_compiler_pic_works_CXX=yes
lt_cv_prog_compiler_rtti_exceptions=no
lt_cv_prog_compiler_static_works=yes
lt_cv_prog_compiler_static_works_CXX=yes
lt_cv_prog_gnu_ld=yes
lt_cv_prog_gnu_ldcxx=yes
lt_cv_sys_global_symbol_pipe='sed -n -e '\''s/^.*[	 ]\([ABCDGIRSTW][ABCDGIRSTW]*\)[	 ][	 ]*\([_A-Za-z][_A-Za-z0-9]*\)$/\1 \2 \2/p'\'''
lt_cv_sys_global_symbol_to_c_name_address='sed -n -e '\''s/^: \([^ ]*\) $/  {\"\1\", (void *) 0},/p'\'' -e '\''s/^[ABCDGIRSTW]* \([^ ]*\) \([^ ]*\)$/  {"\2", (void *) \&\2},/p'\'''
lt_cv_sys_global_symbol_to_c_name_address_lib_prefix='sed -n -e '\''s/^: \([^ ]*\) $/  {\"\1\", (void *) 0},/p'\'' -e '\''s/^[ABCDGIRSTW]* \([^ ]*\) \(lib[^ ]*\)$/  {"\2", (void *) \&\2},/p'\'' -e '\''s/^[ABCDGIRSTW]* \([^ ]*\) \([^ ]*\)$/  {"lib\2", (void *) \&\2},/p'\'''
lt_cv_sys_global_symbol_to_cdecl='sed -n -e '\''s/^T .* \(.*\)$/extern int \1();/p'\'' -e '\''s/^[ABCDGIRSTW]* .* \(.*\)$/extern char \1;/p'\'''
lt_cv_sys_max_cmd_len=1572864

## ----------------- ##
## Output variables. ##
## ----------------- ##

ACLOCAL='${SHELL} /home/jfroche/popc_20_src/missing --run aclocal-1.11'
AMTAR='${SHELL} /home/jfroche/popc_20_src/missing --run tar'
AR='ar'
AUTOCONF='${SHELL} /home/jfroche/popc_20_src/missing --run autoconf'
AUTOHEADER='${SHELL} /home/jfroche/popc_20_src/missing --run autoheader'
AUTOMAKE='${SHELL} /home/jfroche/popc_20_src/missing --run automake-1.11'
AWK='gawk'
CC='gcc'
CFLAGS='-g -O2'
CPP='gcc -E'
CPPFLAGS=''
CXX='g++'
CXXCPP='g++ -E'
CXXFLAGS='-g -O2'
CYGPATH_W='echo'
DEFS='-DHAVE_CONFIG_H'
DSYMUTIL=''
DUMPBIN=''
ECHO_C=''
ECHO_N='-n'
ECHO_T=''
EGREP='/bin/grep -E'
EXEEXT=''
FGREP='/bin/grep -F'
GLOBUS_FALSE=''
GLOBUS_TRUE='#'
GREP='/bin/grep'
INSTALL_DATA='${INSTALL} -m 644'
INSTALL_PROGRAM='${INSTALL}'
INSTALL_SCRIPT='${INSTALL}'
INSTALL_STRIP_PROGRAM='$(install_sh) -c -s'
LD='/usr/bin/ld'
LDFLAGS=''
LEX=':'
LEXLIB=''
LEX_OUTPUT_ROOT=''
LIBOBJS=''
LIBS='-ldl -lnsl -lpthread '
LIBTOOL='$(SHELL) $(top_builddir)/libtool'
LIBVIRT_CFLAGS=''
LIBVIRT_LIBS=''
LINUX_FALSE='#'
LINUX_TRUE=''
LIPO=''
LN_S='ln -s'
LTLIBOBJS=''
MAKEINFO='${SHELL} /home/jfroche/popc_20_src/missing --run makeinfo'
MKDIR_P='/bin/mkdir -p'
MPISUPPORT_FALSE=''
MPISUPPORT_TRUE='#'
NM='/usr/bin/nm -B'
NMEDIT=''
OBJDUMP='objdump'
OBJEXT='o'
OTOOL64=''
OTOOL=''
PACKAGE='popc'
PACKAGE_BUGREPORT=''
PACKAGE_NAME='popc'
PACKAGE_STRING='popc 2.0'
PACKAGE_TARNAME='popc'
PACKAGE_URL=''
PACKAGE_VERSION='2.0'
PATH_SEPARATOR=':'
PKG_CONFIG='/usr/bin/pkg-config'
PKG_CONFIG_LIBDIR=''
PKG_CONFIG_PATH=''
RANLIB='ranlib'
SECURESUPPORT_FALSE=''
SECURESUPPORT_TRUE='#'
SED='/bin/sed'
SET_MAKE=''
SHELL='/bin/bash'
STANDARDSUPPORT_FALSE='#'
STANDARDSUPPORT_TRUE=''
STRIP='strip'
VERSION='2.0'
VIRTSECURESUPPORT_FALSE=''
VIRTSECURESUPPORT_TRUE='#'
VIRTSUPPORT_FALSE=''
VIRTSUPPORT_TRUE='#'
VIX_CFLAGS=''
VIX_LIBS=''
YACC='yacc'
YFLAGS=''
ac_ct_CC='gcc'
ac_ct_CXX='g++'
ac_ct_DUMPBIN=''
am__EXEEXT_FALSE=''
am__EXEEXT_TRUE='#'
am__isrc=''
am__leading_dot='.'
am__tar='${AMTAR} chof - "$$tardir"'
am__untar='${AMTAR} xf -'
bindir='${exec_prefix}/bin'
build='i686-pc-linux-gnu'
build_alias=''
build_cpu='i686'
build_os='linux-gnu'
build_vendor='pc'
datadir='${datarootdir}'
datarootdir='${prefix}/share'
docdir='${datarootdir}/doc/${PACKAGE_TARNAME}'
dvidir='${docdir}'
exec_prefix='${prefix}'
globusdir=''
globusflavor=''
host='i686-pc-linux-gnu'
host_alias=''
host_cpu='i686'
host_kernel='Linux'
host_os='linux-gnu'
host_vendor='pc'
htmldir='${docdir}'
includedir='${prefix}/include'
infodir='${datarootdir}/info'
install_sh='${SHELL} /home/jfroche/popc_20_src/install-sh'
libdir='${exec_prefix}/lib'
libexecdir='${exec_prefix}/libexec'
localedir='${datarootdir}/locale'
localstatedir='${prefix}/var'
lt_ECHO='echo'
mandir='${datarootdir}/man'
mkdir_p='/bin/mkdir -p'
oldincludedir='/usr/include'
pdfdir='${docdir}'
prefix='/home/jfroche/popc'
program_transform_name='s,x,x,'
psdir='${docdir}'
sbindir='${exec_prefix}/sbin'
secure='false'
sharedstatedir='${prefix}/com'
sysconfdir='${prefix}/etc'
target_alias=''
virtsecure='false'
virtual='false'

## ----------- ##
## confdefs.h. ##
## ----------- ##

/* confdefs.h */
#define PACKAGE_NAME "popc"
#define PACKAGE_TARNAME "popc"
#define PACKAGE_VERSION "2.0"
#define PACKAGE_STRING "popc 2.0"
#define PACKAGE_BUGREPORT ""
#define PACKAGE_URL ""
#define PACKAGE "popc"
#define VERSION "2.0"
#define STDC_HEADERS 1
#define HAVE_SYS_TYPES_H 1
#define HAVE_SYS_STAT_H 1
#define HAVE_STDLIB_H 1
#define HAVE_STRING_H 1
#define HAVE_MEMORY_H 1
#define HAVE_STRINGS_H 1
#define HAVE_INTTYPES_H 1
#define HAVE_STDINT_H 1
#define HAVE_UNISTD_H 1
#define HAVE_DLFCN_H 1
#define LT_OBJDIR ".libs/"
#define HAVE_LIBPTHREAD 1
#define HAVE_LIBNSL 1
#define HAVE_LIBDL 1
#define POPC_EXTRA_LINK "-rdynamic"

configure: exit 0
